2022-04-11 12:46:40.350  INFO 10156 --- [restartedMain] m.s.SpringBootHotDeploymentApplication   : Starting SpringBootHotDeploymentApplication using Java 16.0.2 on mao with PID 10156 (H:\程序\大三下期\spring_boot热部署\target\classes started by mao in H:\程序\大三下期\spring_boot热部署)
2022-04-11 12:46:40.351 DEBUG 10156 --- [restartedMain] m.s.SpringBootHotDeploymentApplication   : Running with Spring Boot v2.6.6, Spring v5.3.18
2022-04-11 12:46:40.351  INFO 10156 --- [restartedMain] m.s.SpringBootHotDeploymentApplication   : The following 1 profile is active: "dev"
2022-04-11 12:46:40.478  INFO 10156 --- [restartedMain] o.s.b.w.embedded.tomcat.TomcatWebServer  : Tomcat initialized with port(s): 8080 (http)
2022-04-11 12:46:40.479  INFO 10156 --- [restartedMain] o.apache.catalina.core.StandardService   : Starting service [Tomcat]
2022-04-11 12:46:40.479  INFO 10156 --- [restartedMain] org.apache.catalina.core.StandardEngine  : Starting Servlet engine: [Apache Tomcat/9.0.60]
2022-04-11 12:46:40.492  INFO 10156 --- [restartedMain] o.a.c.c.C.[Tomcat].[localhost].[/]       : Initializing Spring embedded WebApplicationContext
2022-04-11 12:46:40.493  INFO 10156 --- [restartedMain] w.s.c.ServletWebServerApplicationContext : Root WebApplicationContext: initialization completed in 139 ms
2022-04-11 12:46:40.540  INFO 10156 --- [restartedMain] o.s.b.d.a.OptionalLiveReloadServer       : LiveReload server is running on port 35729
2022-04-11 12:46:40.547  INFO 10156 --- [restartedMain] o.s.b.w.embedded.tomcat.TomcatWebServer  : Tomcat started on port(s): 8080 (http) with context path ''
2022-04-11 12:46:40.551  INFO 10156 --- [restartedMain] m.s.SpringBootHotDeploymentApplication   : Started SpringBootHotDeploymentApplication in 0.28 seconds (JVM running for 109.549)
2022-04-11 12:46:40.552  INFO 10156 --- [restartedMain] .ConditionEvaluationDeltaLoggingListener : Condition evaluation unchanged
2022-04-11 12:48:49.672  INFO 1592 --- [restartedMain] m.s.SpringBootHotDeploymentApplication   : Starting SpringBootHotDeploymentApplication using Java 16.0.2 on mao with PID 1592 (H:\程序\大三下期\spring_boot热部署\target\classes started by mao in H:\程序\大三下期\spring_boot热部署)
2022-04-11 12:48:49.678 DEBUG 1592 --- [restartedMain] m.s.SpringBootHotDeploymentApplication   : Running with Spring Boot v2.6.6, Spring v5.3.18
2022-04-11 12:48:49.678  INFO 1592 --- [restartedMain] m.s.SpringBootHotDeploymentApplication   : The following 1 profile is active: "dev"
2022-04-11 12:48:49.712  INFO 1592 --- [restartedMain] .e.DevToolsPropertyDefaultsPostProcessor : Devtools property defaults active! Set 'spring.devtools.add-properties' to 'false' to disable
2022-04-11 12:48:49.712  INFO 1592 --- [restartedMain] .e.DevToolsPropertyDefaultsPostProcessor : For additional web related logging consider setting the 'logging.level.web' property to 'DEBUG'
2022-04-11 12:48:50.333  INFO 1592 --- [restartedMain] o.s.b.w.embedded.tomcat.TomcatWebServer  : Tomcat initialized with port(s): 8080 (http)
2022-04-11 12:48:50.339  INFO 1592 --- [restartedMain] o.apache.catalina.core.StandardService   : Starting service [Tomcat]
2022-04-11 12:48:50.339  INFO 1592 --- [restartedMain] org.apache.catalina.core.StandardEngine  : Starting Servlet engine: [Apache Tomcat/9.0.60]
2022-04-11 12:48:50.386  INFO 1592 --- [restartedMain] o.a.c.c.C.[Tomcat].[localhost].[/]       : Initializing Spring embedded WebApplicationContext
2022-04-11 12:48:50.386  INFO 1592 --- [restartedMain] w.s.c.ServletWebServerApplicationContext : Root WebApplicationContext: initialization completed in 673 ms
2022-04-11 12:48:50.618  INFO 1592 --- [restartedMain] o.s.b.d.a.OptionalLiveReloadServer       : LiveReload server is running on port 35729
2022-04-11 12:48:50.644  INFO 1592 --- [restartedMain] o.s.b.w.embedded.tomcat.TomcatWebServer  : Tomcat started on port(s): 8080 (http) with context path ''
2022-04-11 12:48:50.654  INFO 1592 --- [restartedMain] m.s.SpringBootHotDeploymentApplication   : Started SpringBootHotDeploymentApplication in 1.302 seconds (JVM running for 1.802)
2022-04-11 12:49:13.440  INFO 1592 --- [restartedMain] m.s.SpringBootHotDeploymentApplication   : Starting SpringBootHotDeploymentApplication using Java 16.0.2 on mao with PID 1592 (H:\程序\大三下期\spring_boot热部署\target\classes started by mao in H:\程序\大三下期\spring_boot热部署)
2022-04-11 12:49:13.441 DEBUG 1592 --- [restartedMain] m.s.SpringBootHotDeploymentApplication   : Running with Spring Boot v2.6.6, Spring v5.3.18
2022-04-11 12:49:13.441  INFO 1592 --- [restartedMain] m.s.SpringBootHotDeploymentApplication   : The following 1 profile is active: "dev"
2022-04-11 12:49:13.573  INFO 1592 --- [restartedMain] o.s.b.w.embedded.tomcat.TomcatWebServer  : Tomcat initialized with port(s): 8080 (http)
2022-04-11 12:49:13.574  INFO 1592 --- [restartedMain] o.apache.catalina.core.StandardService   : Starting service [Tomcat]
2022-04-11 12:49:13.574  INFO 1592 --- [restartedMain] org.apache.catalina.core.StandardEngine  : Starting Servlet engine: [Apache Tomcat/9.0.60]
2022-04-11 12:49:13.587  INFO 1592 --- [restartedMain] o.a.c.c.C.[Tomcat].[localhost].[/]       : Initializing Spring embedded WebApplicationContext
2022-04-11 12:49:13.588  INFO 1592 --- [restartedMain] w.s.c.ServletWebServerApplicationContext : Root WebApplicationContext: initialization completed in 145 ms
2022-04-11 12:49:13.634  INFO 1592 --- [restartedMain] o.s.b.d.a.OptionalLiveReloadServer       : LiveReload server is running on port 35729
2022-04-11 12:49:13.642  INFO 1592 --- [restartedMain] o.s.b.w.embedded.tomcat.TomcatWebServer  : Tomcat started on port(s): 8080 (http) with context path ''
2022-04-11 12:49:13.646  INFO 1592 --- [restartedMain] m.s.SpringBootHotDeploymentApplication   : Started SpringBootHotDeploymentApplication in 0.237 seconds (JVM running for 24.794)
2022-04-11 12:49:13.647  INFO 1592 --- [restartedMain] .ConditionEvaluationDeltaLoggingListener : Condition evaluation unchanged
2022-04-11 12:49:26.316  INFO 1592 --- [restartedMain] m.s.SpringBootHotDeploymentApplication   : Starting SpringBootHotDeploymentApplication using Java 16.0.2 on mao with PID 1592 (H:\程序\大三下期\spring_boot热部署\target\classes started by mao in H:\程序\大三下期\spring_boot热部署)
2022-04-11 12:49:26.317 DEBUG 1592 --- [restartedMain] m.s.SpringBootHotDeploymentApplication   : Running with Spring Boot v2.6.6, Spring v5.3.18
2022-04-11 12:49:26.317  INFO 1592 --- [restartedMain] m.s.SpringBootHotDeploymentApplication   : The following 1 profile is active: "dev"
2022-04-11 12:49:26.427  INFO 1592 --- [restartedMain] o.s.b.w.embedded.tomcat.TomcatWebServer  : Tomcat initialized with port(s): 8080 (http)
2022-04-11 12:49:26.428  INFO 1592 --- [restartedMain] o.apache.catalina.core.StandardService   : Starting service [Tomcat]
2022-04-11 12:49:26.428  INFO 1592 --- [restartedMain] org.apache.catalina.core.StandardEngine  : Starting Servlet engine: [Apache Tomcat/9.0.60]
2022-04-11 12:49:26.442  INFO 1592 --- [restartedMain] o.a.c.c.C.[Tomcat].[localhost].[/]       : Initializing Spring embedded WebApplicationContext
2022-04-11 12:49:26.442  INFO 1592 --- [restartedMain] w.s.c.ServletWebServerApplicationContext : Root WebApplicationContext: initialization completed in 123 ms
2022-04-11 12:49:26.489  INFO 1592 --- [restartedMain] o.s.b.d.a.OptionalLiveReloadServer       : LiveReload server is running on port 35729
2022-04-11 12:49:26.496  INFO 1592 --- [restartedMain] o.s.b.w.embedded.tomcat.TomcatWebServer  : Tomcat started on port(s): 8080 (http) with context path ''
2022-04-11 12:49:26.499  INFO 1592 --- [restartedMain] m.s.SpringBootHotDeploymentApplication   : Started SpringBootHotDeploymentApplication in 0.208 seconds (JVM running for 37.646)
2022-04-11 12:49:26.500  INFO 1592 --- [restartedMain] .ConditionEvaluationDeltaLoggingListener : Condition evaluation unchanged
2022-04-11 12:56:12.620  INFO 1592 --- [restartedMain] m.s.SpringBootHotDeploymentApplication   : Starting SpringBootHotDeploymentApplication using Java 16.0.2 on mao with PID 1592 (H:\程序\大三下期\spring_boot热部署\target\classes started by mao in H:\程序\大三下期\spring_boot热部署)
2022-04-11 12:56:12.621 DEBUG 1592 --- [restartedMain] m.s.SpringBootHotDeploymentApplication   : Running with Spring Boot v2.6.6, Spring v5.3.18
2022-04-11 12:56:12.621  INFO 1592 --- [restartedMain] m.s.SpringBootHotDeploymentApplication   : The following 1 profile is active: "dev"
2022-04-11 12:56:12.748  INFO 1592 --- [restartedMain] o.s.b.w.embedded.tomcat.TomcatWebServer  : Tomcat initialized with port(s): 8080 (http)
2022-04-11 12:56:12.749  INFO 1592 --- [restartedMain] o.apache.catalina.core.StandardService   : Starting service [Tomcat]
2022-04-11 12:56:12.749  INFO 1592 --- [restartedMain] org.apache.catalina.core.StandardEngine  : Starting Servlet engine: [Apache Tomcat/9.0.60]
2022-04-11 12:56:12.765  INFO 1592 --- [restartedMain] o.a.c.c.C.[Tomcat].[localhost].[/]       : Initializing Spring embedded WebApplicationContext
2022-04-11 12:56:12.765  INFO 1592 --- [restartedMain] w.s.c.ServletWebServerApplicationContext : Root WebApplicationContext: initialization completed in 142 ms
2022-04-11 12:56:12.814  INFO 1592 --- [restartedMain] o.s.b.d.a.OptionalLiveReloadServer       : LiveReload server is running on port 35729
2022-04-11 12:56:12.823  INFO 1592 --- [restartedMain] o.s.b.w.embedded.tomcat.TomcatWebServer  : Tomcat started on port(s): 8080 (http) with context path ''
2022-04-11 12:56:12.826  INFO 1592 --- [restartedMain] m.s.SpringBootHotDeploymentApplication   : Started SpringBootHotDeploymentApplication in 0.233 seconds (JVM running for 443.974)
2022-04-11 12:56:12.827  INFO 1592 --- [restartedMain] .ConditionEvaluationDeltaLoggingListener : Condition evaluation unchanged
2022-04-11 12:56:53.925  INFO 1592 --- [restartedMain] m.s.SpringBootHotDeploymentApplication   : Starting SpringBootHotDeploymentApplication using Java 16.0.2 on mao with PID 1592 (H:\程序\大三下期\spring_boot热部署\target\classes started by mao in H:\程序\大三下期\spring_boot热部署)
2022-04-11 12:56:53.925 DEBUG 1592 --- [restartedMain] m.s.SpringBootHotDeploymentApplication   : Running with Spring Boot v2.6.6, Spring v5.3.18
2022-04-11 12:56:53.925  INFO 1592 --- [restartedMain] m.s.SpringBootHotDeploymentApplication   : The following 1 profile is active: "dev"
2022-04-11 12:56:54.033  INFO 1592 --- [restartedMain] o.s.b.w.embedded.tomcat.TomcatWebServer  : Tomcat initialized with port(s): 8080 (http)
2022-04-11 12:56:54.034  INFO 1592 --- [restartedMain] o.apache.catalina.core.StandardService   : Starting service [Tomcat]
2022-04-11 12:56:54.034  INFO 1592 --- [restartedMain] org.apache.catalina.core.StandardEngine  : Starting Servlet engine: [Apache Tomcat/9.0.60]
2022-04-11 12:56:54.046  INFO 1592 --- [restartedMain] o.a.c.c.C.[Tomcat].[localhost].[/]       : Initializing Spring embedded WebApplicationContext
2022-04-11 12:56:54.046  INFO 1592 --- [restartedMain] w.s.c.ServletWebServerApplicationContext : Root WebApplicationContext: initialization completed in 119 ms
2022-04-11 12:56:54.087  INFO 1592 --- [restartedMain] o.s.b.d.a.OptionalLiveReloadServer       : LiveReload server is running on port 35729
2022-04-11 12:56:54.094  INFO 1592 --- [restartedMain] o.s.b.w.embedded.tomcat.TomcatWebServer  : Tomcat started on port(s): 8080 (http) with context path ''
2022-04-11 12:56:54.097  INFO 1592 --- [restartedMain] m.s.SpringBootHotDeploymentApplication   : Started SpringBootHotDeploymentApplication in 0.195 seconds (JVM running for 485.245)
2022-04-11 12:56:54.098  INFO 1592 --- [restartedMain] .ConditionEvaluationDeltaLoggingListener : Condition evaluation unchanged
2022-04-11 13:03:49.923  INFO 3760 --- [restartedMain] m.s.SpringBootHotDeploymentApplication   : Starting SpringBootHotDeploymentApplication using Java 16.0.2 on mao with PID 3760 (H:\程序\大三下期\spring_boot热部署\target\classes started by mao in H:\程序\大三下期\spring_boot热部署)
2022-04-11 13:03:49.924 DEBUG 3760 --- [restartedMain] m.s.SpringBootHotDeploymentApplication   : Running with Spring Boot v2.6.6, Spring v5.3.18
2022-04-11 13:03:49.924  INFO 3760 --- [restartedMain] m.s.SpringBootHotDeploymentApplication   : The following 1 profile is active: "dev"
2022-04-11 13:03:49.964  INFO 3760 --- [restartedMain] .e.DevToolsPropertyDefaultsPostProcessor : Devtools property defaults active! Set 'spring.devtools.add-properties' to 'false' to disable
2022-04-11 13:03:49.964  INFO 3760 --- [restartedMain] .e.DevToolsPropertyDefaultsPostProcessor : For additional web related logging consider setting the 'logging.level.web' property to 'DEBUG'
2022-04-11 13:03:50.586  INFO 3760 --- [restartedMain] o.s.b.w.embedded.tomcat.TomcatWebServer  : Tomcat initialized with port(s): 8080 (http)
2022-04-11 13:03:50.593  INFO 3760 --- [restartedMain] o.apache.catalina.core.StandardService   : Starting service [Tomcat]
2022-04-11 13:03:50.593  INFO 3760 --- [restartedMain] org.apache.catalina.core.StandardEngine  : Starting Servlet engine: [Apache Tomcat/9.0.60]
2022-04-11 13:03:50.640  INFO 3760 --- [restartedMain] o.a.c.c.C.[Tomcat].[localhost].[/]       : Initializing Spring embedded WebApplicationContext
2022-04-11 13:03:50.640  INFO 3760 --- [restartedMain] w.s.c.ServletWebServerApplicationContext : Root WebApplicationContext: initialization completed in 675 ms
2022-04-11 13:03:50.863  INFO 3760 --- [restartedMain] o.s.b.d.a.OptionalLiveReloadServer       : LiveReload server is running on port 35729
2022-04-11 13:03:50.890  INFO 3760 --- [restartedMain] o.s.b.w.embedded.tomcat.TomcatWebServer  : Tomcat started on port(s): 8080 (http) with context path ''
2022-04-11 13:03:50.900  INFO 3760 --- [restartedMain] m.s.SpringBootHotDeploymentApplication   : Started SpringBootHotDeploymentApplication in 1.274 seconds (JVM running for 1.761)
2022-04-11 13:04:27.923  INFO 3760 --- [restartedMain] m.s.SpringBootHotDeploymentApplication   : Starting SpringBootHotDeploymentApplication using Java 16.0.2 on mao with PID 3760 (H:\程序\大三下期\spring_boot热部署\target\classes started by mao in H:\程序\大三下期\spring_boot热部署)
2022-04-11 13:04:27.924 DEBUG 3760 --- [restartedMain] m.s.SpringBootHotDeploymentApplication   : Running with Spring Boot v2.6.6, Spring v5.3.18
2022-04-11 13:04:27.924  INFO 3760 --- [restartedMain] m.s.SpringBootHotDeploymentApplication   : The following 1 profile is active: "dev"
2022-04-11 13:04:28.056  INFO 3760 --- [restartedMain] o.s.b.w.embedded.tomcat.TomcatWebServer  : Tomcat initialized with port(s): 8080 (http)
2022-04-11 13:04:28.057  INFO 3760 --- [restartedMain] o.apache.catalina.core.StandardService   : Starting service [Tomcat]
2022-04-11 13:04:28.057  INFO 3760 --- [restartedMain] org.apache.catalina.core.StandardEngine  : Starting Servlet engine: [Apache Tomcat/9.0.60]
2022-04-11 13:04:28.072  INFO 3760 --- [restartedMain] o.a.c.c.C.[Tomcat].[localhost].[/]       : Initializing Spring embedded WebApplicationContext
2022-04-11 13:04:28.072  INFO 3760 --- [restartedMain] w.s.c.ServletWebServerApplicationContext : Root WebApplicationContext: initialization completed in 146 ms
2022-04-11 13:04:28.123  INFO 3760 --- [restartedMain] o.s.b.d.a.OptionalLiveReloadServer       : LiveReload server is running on port 35729
2022-04-11 13:04:28.131  INFO 3760 --- [restartedMain] o.s.b.w.embedded.tomcat.TomcatWebServer  : Tomcat started on port(s): 8080 (http) with context path ''
2022-04-11 13:04:28.134  INFO 3760 --- [restartedMain] m.s.SpringBootHotDeploymentApplication   : Started SpringBootHotDeploymentApplication in 0.24 seconds (JVM running for 38.995)
2022-04-11 13:04:28.135  INFO 3760 --- [restartedMain] .ConditionEvaluationDeltaLoggingListener : Condition evaluation unchanged
2022-04-11 13:11:34.559  INFO 2616 --- [main] .SpringBootHotDeploymentApplicationTests : Starting SpringBootHotDeploymentApplicationTests using Java 16.0.2 on mao with PID 2616 (started by mao in H:\程序\大三下期\spring_boot热部署)
2022-04-11 13:11:34.559 DEBUG 2616 --- [main] .SpringBootHotDeploymentApplicationTests : Running with Spring Boot v2.6.6, Spring v5.3.18
2022-04-11 13:11:34.560  INFO 2616 --- [main] .SpringBootHotDeploymentApplicationTests : The following 1 profile is active: "dev"
