2022-04-11 13:19:47.825 DEBUG 14012 --- [RMI TCP Connection(3)-118.251.211.59] sun.rmi.transport.tcp                    : RMI TCP Connection(3)-118.251.211.59: (port 64652) connection closed
2022-04-11 13:19:47.826 DEBUG 14012 --- [RMI TCP Connection(3)-118.251.211.59] sun.rmi.transport.tcp                    : RMI TCP Connection(3)-118.251.211.59: close connection, socket: Socket[addr=/118.251.211.59,port=64656,localport=64652]
2022-04-11 13:19:47.827 DEBUG 14012 --- [RMI TCP Connection(3)-118.251.211.59] sun.rmi.transport.tcp                    : RMI TCP Connection(3)-118.251.211.59: socket close: Socket[addr=/118.251.211.59,port=64656,localport=64652]
2022-04-11 13:20:07.593 DEBUG 14012 --- [File Watcher] o.s.boot.devtools.restart.Restarter      : Restarting application
2022-04-11 13:20:07.594 DEBUG 14012 --- [Thread-5] o.s.boot.devtools.restart.Restarter      : Stopping application
2022-04-11 13:20:07.595 DEBUG 14012 --- [Thread-5] o.s.b.a.ApplicationAvailabilityBean      : Application availability state ReadinessState changed from ACCEPTING_TRAFFIC to REFUSING_TRAFFIC
2022-04-11 13:20:07.595 DEBUG 14012 --- [Thread-5] ConfigServletWebServerApplicationContext : Closing org.springframework.boot.web.servlet.context.AnnotationConfigServletWebServerApplicationContext@5334bb68, started on Mon Apr 11 13:19:17 CST 2022
2022-04-11 13:20:07.595 DEBUG 14012 --- [Thread-5] ySourcesPropertyResolver$DefaultResolver : Found key 'spring.liveBeansView.mbeanDomain' in PropertySource 'systemProperties' with value of type String
2022-04-11 13:20:07.596 DEBUG 14012 --- [Thread-5] o.s.c.support.DefaultLifecycleProcessor  : Stopping beans in phase 2147483647
2022-04-11 13:20:07.596 DEBUG 14012 --- [Thread-5] o.s.c.support.DefaultLifecycleProcessor  : Bean 'webServerGracefulShutdown' completed its stop procedure
2022-04-11 13:20:07.596 DEBUG 14012 --- [Thread-5] o.s.c.support.DefaultLifecycleProcessor  : Stopping beans in phase 2147483646
2022-04-11 13:20:07.614 DEBUG 14012 --- [Thread-5] o.s.c.support.DefaultLifecycleProcessor  : Bean 'webServerStartStop' completed its stop procedure
2022-04-11 13:20:07.614 DEBUG 14012 --- [Thread-5] o.s.j.e.a.AnnotationMBeanExporter        : Unregistering JMX-exposed beans on shutdown
2022-04-11 13:20:07.615 DEBUG 14012 --- [Thread-5] o.s.s.concurrent.ThreadPoolTaskExecutor  : Shutting down ExecutorService 'applicationTaskExecutor'
2022-04-11 13:20:07.640 DEBUG 14012 --- [Thread-5] o.s.b.d.r.c.RestartClassLoader           : Created RestartClassLoader org.springframework.boot.devtools.restart.classloader.RestartClassLoader@3d8be7d7
2022-04-11 13:20:07.640 DEBUG 14012 --- [Thread-5] o.s.boot.devtools.restart.Restarter      : Starting application mao.spring_boot_hot_deployment.SpringBootHotDeploymentApplication with URLs [file:/H:/程序/大三下期/spring_boot热部署/target/classes/]
2022-04-11 13:20:07.675  INFO 14012 --- [restartedMain] m.s.SpringBootHotDeploymentApplication   : Starting SpringBootHotDeploymentApplication using Java 16.0.2 on mao with PID 14012 (H:\程序\大三下期\spring_boot热部署\target\classes started by mao in H:\程序\大三下期\spring_boot热部署)
2022-04-11 13:20:07.675 DEBUG 14012 --- [restartedMain] m.s.SpringBootHotDeploymentApplication   : Running with Spring Boot v2.6.6, Spring v5.3.18
2022-04-11 13:20:07.675  INFO 14012 --- [restartedMain] m.s.SpringBootHotDeploymentApplication   : The following 1 profile is active: "dev"
2022-04-11 13:20:07.675 DEBUG 14012 --- [restartedMain] o.s.boot.SpringApplication               : Loading source class mao.spring_boot_hot_deployment.SpringBootHotDeploymentApplication
2022-04-11 13:20:07.677 DEBUG 14012 --- [restartedMain] ConfigServletWebServerApplicationContext : Refreshing org.springframework.boot.web.servlet.context.AnnotationConfigServletWebServerApplicationContext@1b9f99fb
2022-04-11 13:20:07.678 DEBUG 14012 --- [restartedMain] o.s.b.f.s.DefaultListableBeanFactory     : Creating shared instance of singleton bean 'org.springframework.context.annotation.internalConfigurationAnnotationProcessor'
2022-04-11 13:20:07.678 DEBUG 14012 --- [restartedMain] o.s.b.f.s.DefaultListableBeanFactory     : Creating shared instance of singleton bean 'org.springframework.boot.autoconfigure.internalCachingMetadataReaderFactory'
2022-04-11 13:20:07.787 DEBUG 14012 --- [restartedMain] o.s.b.f.s.DefaultListableBeanFactory     : Creating shared instance of singleton bean 'propertySourcesPlaceholderConfigurer'
2022-04-11 13:20:07.787 DEBUG 14012 --- [restartedMain] o.s.b.f.s.DefaultListableBeanFactory     : Creating shared instance of singleton bean 'org.springframework.boot.sql.init.dependency.DatabaseInitializationDependencyConfigurer$DependsOnDatabaseInitializationPostProcessor'
2022-04-11 13:20:07.788 DEBUG 14012 --- [restartedMain] o.s.b.f.s.DefaultListableBeanFactory     : Creating shared instance of singleton bean 'org.springframework.context.event.internalEventListenerProcessor'
2022-04-11 13:20:07.788 DEBUG 14012 --- [restartedMain] o.s.b.f.s.DefaultListableBeanFactory     : Creating shared instance of singleton bean 'preserveErrorControllerTargetClassPostProcessor'
2022-04-11 13:20:07.788 DEBUG 14012 --- [restartedMain] o.s.b.f.s.DefaultListableBeanFactory     : Creating shared instance of singleton bean 'forceAutoProxyCreatorToUseClassProxying'
2022-04-11 13:20:07.788 DEBUG 14012 --- [restartedMain] o.s.b.f.s.DefaultListableBeanFactory     : Creating shared instance of singleton bean 'org.springframework.context.event.internalEventListenerFactory'
2022-04-11 13:20:07.789 DEBUG 14012 --- [restartedMain] o.s.b.f.s.DefaultListableBeanFactory     : Creating shared instance of singleton bean 'org.springframework.context.annotation.internalAutowiredAnnotationProcessor'
2022-04-11 13:20:07.789 DEBUG 14012 --- [restartedMain] o.s.b.f.s.DefaultListableBeanFactory     : Creating shared instance of singleton bean 'org.springframework.context.annotation.internalCommonAnnotationProcessor'
2022-04-11 13:20:07.789 DEBUG 14012 --- [restartedMain] o.s.b.f.s.DefaultListableBeanFactory     : Creating shared instance of singleton bean 'org.springframework.boot.context.properties.ConfigurationPropertiesBindingPostProcessor'
2022-04-11 13:20:07.789 DEBUG 14012 --- [restartedMain] o.s.b.f.s.DefaultListableBeanFactory     : Creating shared instance of singleton bean 'org.springframework.boot.context.internalConfigurationPropertiesBinder'
2022-04-11 13:20:07.789 DEBUG 14012 --- [restartedMain] o.s.b.f.s.DefaultListableBeanFactory     : Creating shared instance of singleton bean 'org.springframework.boot.context.internalConfigurationPropertiesBinderFactory'
2022-04-11 13:20:07.790 DEBUG 14012 --- [restartedMain] o.s.b.f.s.DefaultListableBeanFactory     : Creating shared instance of singleton bean 'org.springframework.aop.config.internalAutoProxyCreator'
2022-04-11 13:20:07.790 DEBUG 14012 --- [restartedMain] o.s.b.f.s.DefaultListableBeanFactory     : Creating shared instance of singleton bean 'webServerFactoryCustomizerBeanPostProcessor'
2022-04-11 13:20:07.790 DEBUG 14012 --- [restartedMain] o.s.b.f.s.DefaultListableBeanFactory     : Creating shared instance of singleton bean 'errorPageRegistrarBeanPostProcessor'
2022-04-11 13:20:07.790 DEBUG 14012 --- [restartedMain] o.s.u.c.s.UiApplicationContextUtils      : Unable to locate ThemeSource with name 'themeSource': using default [org.springframework.ui.context.support.ResourceBundleThemeSource@5a5dee40]
2022-04-11 13:20:07.790 DEBUG 14012 --- [restartedMain] o.s.b.f.s.DefaultListableBeanFactory     : Creating shared instance of singleton bean 'tomcatServletWebServerFactory'
2022-04-11 13:20:07.791 DEBUG 14012 --- [restartedMain] o.s.b.f.s.DefaultListableBeanFactory     : Creating shared instance of singleton bean 'org.springframework.boot.autoconfigure.web.servlet.ServletWebServerFactoryConfiguration$EmbeddedTomcat'
2022-04-11 13:20:07.792 DEBUG 14012 --- [restartedMain] o.s.b.f.s.DefaultListableBeanFactory     : Creating shared instance of singleton bean 'websocketServletWebServerCustomizer'
2022-04-11 13:20:07.792 DEBUG 14012 --- [restartedMain] o.s.b.f.s.DefaultListableBeanFactory     : Creating shared instance of singleton bean 'org.springframework.boot.autoconfigure.websocket.servlet.WebSocketServletAutoConfiguration$TomcatWebSocketConfiguration'
2022-04-11 13:20:07.792 DEBUG 14012 --- [restartedMain] o.s.b.f.s.DefaultListableBeanFactory     : Creating shared instance of singleton bean 'servletWebServerFactoryCustomizer'
2022-04-11 13:20:07.792 DEBUG 14012 --- [restartedMain] o.s.b.f.s.DefaultListableBeanFactory     : Creating shared instance of singleton bean 'org.springframework.boot.autoconfigure.web.servlet.ServletWebServerFactoryAutoConfiguration'
2022-04-11 13:20:07.792 DEBUG 14012 --- [restartedMain] o.s.b.f.s.DefaultListableBeanFactory     : Creating shared instance of singleton bean 'server-org.springframework.boot.autoconfigure.web.ServerProperties'
2022-04-11 13:20:07.793 DEBUG 14012 --- [restartedMain] o.s.b.f.s.DefaultListableBeanFactory     : Creating shared instance of singleton bean 'org.springframework.boot.context.properties.BoundConfigurationProperties'
2022-04-11 13:20:07.797 DEBUG 14012 --- [restartedMain] o.s.b.f.s.DefaultListableBeanFactory     : Autowiring by type from bean name 'servletWebServerFactoryCustomizer' via factory method to bean named 'server-org.springframework.boot.autoconfigure.web.ServerProperties'
2022-04-11 13:20:07.798 DEBUG 14012 --- [restartedMain] o.s.b.f.s.DefaultListableBeanFactory     : Creating shared instance of singleton bean 'tomcatServletWebServerFactoryCustomizer'
2022-04-11 13:20:07.799 DEBUG 14012 --- [restartedMain] o.s.b.f.s.DefaultListableBeanFactory     : Autowiring by type from bean name 'tomcatServletWebServerFactoryCustomizer' via factory method to bean named 'server-org.springframework.boot.autoconfigure.web.ServerProperties'
2022-04-11 13:20:07.799 DEBUG 14012 --- [restartedMain] o.s.b.f.s.DefaultListableBeanFactory     : Creating shared instance of singleton bean 'tomcatWebServerFactoryCustomizer'
2022-04-11 13:20:07.799 DEBUG 14012 --- [restartedMain] o.s.b.f.s.DefaultListableBeanFactory     : Creating shared instance of singleton bean 'org.springframework.boot.autoconfigure.web.embedded.EmbeddedWebServerFactoryCustomizerAutoConfiguration$TomcatWebServerFactoryCustomizerConfiguration'
2022-04-11 13:20:07.799 DEBUG 14012 --- [restartedMain] o.s.b.f.s.DefaultListableBeanFactory     : Autowiring by type from bean name 'tomcatWebServerFactoryCustomizer' via factory method to bean named 'environment'
2022-04-11 13:20:07.799 DEBUG 14012 --- [restartedMain] o.s.b.f.s.DefaultListableBeanFactory     : Autowiring by type from bean name 'tomcatWebServerFactoryCustomizer' via factory method to bean named 'server-org.springframework.boot.autoconfigure.web.ServerProperties'
2022-04-11 13:20:07.800 DEBUG 14012 --- [restartedMain] o.s.b.f.s.DefaultListableBeanFactory     : Creating shared instance of singleton bean 'localeCharsetMappingsCustomizer'
2022-04-11 13:20:07.800 DEBUG 14012 --- [restartedMain] o.s.b.f.s.DefaultListableBeanFactory     : Creating shared instance of singleton bean 'org.springframework.boot.autoconfigure.web.servlet.HttpEncodingAutoConfiguration'
2022-04-11 13:20:07.800 DEBUG 14012 --- [restartedMain] o.s.b.f.s.DefaultListableBeanFactory     : Autowiring by type from bean name 'org.springframework.boot.autoconfigure.web.servlet.HttpEncodingAutoConfiguration' via constructor to bean named 'server-org.springframework.boot.autoconfigure.web.ServerProperties'
2022-04-11 13:20:07.801 DEBUG 14012 --- [restartedMain] o.s.b.f.s.DefaultListableBeanFactory     : Creating shared instance of singleton bean 'errorPageCustomizer'
2022-04-11 13:20:07.801 DEBUG 14012 --- [restartedMain] o.s.b.f.s.DefaultListableBeanFactory     : Creating shared instance of singleton bean 'org.springframework.boot.autoconfigure.web.servlet.error.ErrorMvcAutoConfiguration'
2022-04-11 13:20:07.802 DEBUG 14012 --- [restartedMain] o.s.b.f.s.DefaultListableBeanFactory     : Autowiring by type from bean name 'org.springframework.boot.autoconfigure.web.servlet.error.ErrorMvcAutoConfiguration' via constructor to bean named 'server-org.springframework.boot.autoconfigure.web.ServerProperties'
2022-04-11 13:20:07.802 DEBUG 14012 --- [restartedMain] o.s.b.f.s.DefaultListableBeanFactory     : Creating shared instance of singleton bean 'dispatcherServletRegistration'
2022-04-11 13:20:07.802 DEBUG 14012 --- [restartedMain] o.s.b.f.s.DefaultListableBeanFactory     : Creating shared instance of singleton bean 'org.springframework.boot.autoconfigure.web.servlet.DispatcherServletAutoConfiguration$DispatcherServletRegistrationConfiguration'
2022-04-11 13:20:07.803 DEBUG 14012 --- [restartedMain] o.s.b.f.s.DefaultListableBeanFactory     : Creating shared instance of singleton bean 'dispatcherServlet'
2022-04-11 13:20:07.803 DEBUG 14012 --- [restartedMain] o.s.b.f.s.DefaultListableBeanFactory     : Creating shared instance of singleton bean 'org.springframework.boot.autoconfigure.web.servlet.DispatcherServletAutoConfiguration$DispatcherServletConfiguration'
2022-04-11 13:20:07.804 DEBUG 14012 --- [restartedMain] o.s.b.f.s.DefaultListableBeanFactory     : Creating shared instance of singleton bean 'spring.mvc-org.springframework.boot.autoconfigure.web.servlet.WebMvcProperties'
2022-04-11 13:20:07.806 DEBUG 14012 --- [restartedMain] o.s.b.f.s.DefaultListableBeanFactory     : Autowiring by type from bean name 'dispatcherServlet' via factory method to bean named 'spring.mvc-org.springframework.boot.autoconfigure.web.servlet.WebMvcProperties'
2022-04-11 13:20:07.807 DEBUG 14012 --- [restartedMain] o.s.b.f.s.DefaultListableBeanFactory     : Autowiring by type from bean name 'dispatcherServletRegistration' via factory method to bean named 'dispatcherServlet'
2022-04-11 13:20:07.809 DEBUG 14012 --- [restartedMain] o.s.b.f.s.DefaultListableBeanFactory     : Autowiring by type from bean name 'dispatcherServletRegistration' via factory method to bean named 'spring.mvc-org.springframework.boot.autoconfigure.web.servlet.WebMvcProperties'
2022-04-11 13:20:07.809 DEBUG 14012 --- [restartedMain] o.s.b.f.s.DefaultListableBeanFactory     : Creating shared instance of singleton bean 'multipartConfigElement'
2022-04-11 13:20:07.809 DEBUG 14012 --- [restartedMain] o.s.b.f.s.DefaultListableBeanFactory     : Creating shared instance of singleton bean 'org.springframework.boot.autoconfigure.web.servlet.MultipartAutoConfiguration'
2022-04-11 13:20:07.810 DEBUG 14012 --- [restartedMain] o.s.b.f.s.DefaultListableBeanFactory     : Creating shared instance of singleton bean 'spring.servlet.multipart-org.springframework.boot.autoconfigure.web.servlet.MultipartProperties'
2022-04-11 13:20:07.811 DEBUG 14012 --- [restartedMain] o.s.b.f.s.DefaultListableBeanFactory     : Autowiring by type from bean name 'org.springframework.boot.autoconfigure.web.servlet.MultipartAutoConfiguration' via constructor to bean named 'spring.servlet.multipart-org.springframework.boot.autoconfigure.web.servlet.MultipartProperties'
2022-04-11 13:20:07.812 DEBUG 14012 --- [restartedMain] o.s.b.f.s.DefaultListableBeanFactory     : Autowiring by type from bean name 'errorPageCustomizer' via factory method to bean named 'dispatcherServletRegistration'
2022-04-11 13:20:07.814 DEBUG 14012 --- [restartedMain] o.apache.tomcat.util.IntrospectionUtils  : IntrospectionUtils: setProperty(class org.apache.coyote.http11.Http11NioProtocol port=8080)
2022-04-11 13:20:07.814 DEBUG 14012 --- [restartedMain] o.apache.tomcat.util.IntrospectionUtils  : IntrospectionUtils: setProperty(class org.apache.coyote.http11.Http11NioProtocol bindOnInit=false)
2022-04-11 13:20:07.815 DEBUG 14012 --- [restartedMain] o.apache.tomcat.util.IntrospectionUtils  : IntrospectionUtils: setProperty(class org.apache.tomcat.util.net.NioEndpoint bindOnInit=false)
2022-04-11 13:20:07.815 DEBUG 14012 --- [restartedMain] o.apache.tomcat.util.IntrospectionUtils  : IntrospectionUtils: setProperty(class org.apache.coyote.http11.Http11NioProtocol maxPostSize=2097152)
2022-04-11 13:20:07.815 DEBUG 14012 --- [restartedMain] o.apache.tomcat.util.IntrospectionUtils  : IntrospectionUtils: setProperty(class org.apache.tomcat.util.net.NioEndpoint maxPostSize=2097152)
2022-04-11 13:20:07.815 DEBUG 14012 --- [restartedMain] org.apache.catalina.core.ContainerBase   : Add child StandardHost[localhost] StandardEngine[Tomcat]
2022-04-11 13:20:07.815 DEBUG 14012 --- [restartedMain] .s.b.w.e.t.TomcatServletWebServerFactory : Code archive: C:\Users\mao\.m2\repository\org\springframework\boot\spring-boot\2.6.6\spring-boot-2.6.6.jar
